{"C:\\Users\\82105\\Desktop\\TDDtest\\src\\prime.js": {"path":"C:\\Users\\82105\\Desktop\\TDDtest\\src\\prime.js","statementMap":{"0":{"start":{"line":2,"column":24},"end":{"line":4,"column":1}},"1":{"start":{"line":3,"column":4},"end":{"line":3,"column":44}},"2":{"start":{"line":7,"column":21},"end":{"line":19,"column":1}},"3":{"start":{"line":8,"column":17},"end":{"line":8,"column":19}},"4":{"start":{"line":9,"column":16},"end":{"line":9,"column":18}},"5":{"start":{"line":10,"column":4},"end":{"line":17,"column":3}},"6":{"start":{"line":10,"column":17},"end":{"line":10,"column":18}},"7":{"start":{"line":11,"column":19},"end":{"line":11,"column":21}},"8":{"start":{"line":12,"column":6},"end":{"line":16,"column":7}},"9":{"start":{"line":12,"column":19},"end":{"line":12,"column":20}},"10":{"start":{"line":13,"column":10},"end":{"line":15,"column":11}},"11":{"start":{"line":14,"column":12},"end":{"line":14,"column":28}},"12":{"start":{"line":16,"column":8},"end":{"line":16,"column":65}},"13":{"start":{"line":18,"column":2},"end":{"line":18,"column":22}},"14":{"start":{"line":21,"column":0},"end":{"line":21,"column":25}}},"fnMap":{"0":{"name":"(anonymous_0)","decl":{"start":{"line":2,"column":24},"end":{"line":2,"column":25}},"loc":{"start":{"line":2,"column":31},"end":{"line":4,"column":1}},"line":2},"1":{"name":"(anonymous_1)","decl":{"start":{"line":7,"column":21},"end":{"line":7,"column":22}},"loc":{"start":{"line":7,"column":28},"end":{"line":19,"column":1}},"line":7}},"branchMap":{"0":{"loc":{"start":{"line":3,"column":11},"end":{"line":3,"column":43}},"type":"cond-expr","locations":[{"start":{"line":3,"column":22},"end":{"line":3,"column":32}},{"start":{"line":3,"column":35},"end":{"line":3,"column":43}}],"line":3},"1":{"loc":{"start":{"line":13,"column":10},"end":{"line":15,"column":11}},"type":"if","locations":[{"start":{"line":13,"column":10},"end":{"line":15,"column":11}},{"start":{},"end":{}}],"line":13},"2":{"loc":{"start":{"line":16,"column":8},"end":{"line":16,"column":65}},"type":"cond-expr","locations":[{"start":{"line":16,"column":33},"end":{"line":16,"column":49}},{"start":{"line":16,"column":52},"end":{"line":16,"column":65}}],"line":16}},"s":{"0":1,"1":4,"2":1,"3":2,"4":2,"5":2,"6":2,"7":19996,"8":19996,"9":19996,"10":99950006,"11":147292,"12":19996,"13":2,"14":1},"f":{"0":4,"1":2},"b":{"0":[3,1],"1":[147292,99802714],"2":[17538,2458]},"_coverageSchema":"1a1c01bbd47fc00a2c39e90264f33305004495a9","hash":"2f87b7993c75391ae875ce304d3a45a6414ff927"}
}
